NAMESPACE            NAME                                             READY   STATUS    RESTARTS        AGE
kube-system          pod/coredns-7db6d8ff4d-bkzhv                     1/1     Running   0               93m
kube-system          pod/coredns-7db6d8ff4d-t8jw9                     1/1     Running   0               93m
kube-system          pod/etcd-kind-control-plane                      1/1     Running   0               93m
kube-system          pod/kindnet-bbtt7                                1/1     Running   0               92m
kube-system          pod/kindnet-dnldp                                1/1     Running   0               92m
kube-system          pod/kindnet-km7qc                                1/1     Running   0               92m
kube-system          pod/kindnet-lwbbl                                1/1     Running   0               92m
kube-system          pod/kindnet-qkmgm                                1/1     Running   0               93m
kube-system          pod/kindnet-qzmqs                                1/1     Running   0               92m
kube-system          pod/kindnet-zxw6f                                1/1     Running   0               92m
kube-system          pod/kube-apiserver-kind-control-plane            1/1     Running   0               93m
kube-system          pod/kube-controller-manager-kind-control-plane   1/1     Running   0               93m
kube-system          pod/kube-proxy-8ct4g                             1/1     Running   0               92m
kube-system          pod/kube-proxy-bj2jp                             1/1     Running   0               92m
kube-system          pod/kube-proxy-g7d9d                             1/1     Running   0               92m
kube-system          pod/kube-proxy-hxprn                             1/1     Running   0               93m
kube-system          pod/kube-proxy-m5xdz                             1/1     Running   0               92m
kube-system          pod/kube-proxy-rfjh8                             1/1     Running   0               92m
kube-system          pod/kube-proxy-zw5ng                             1/1     Running   0               92m
kube-system          pod/kube-scheduler-kind-control-plane            1/1     Running   0               93m
local-path-storage   pod/local-path-provisioner-988d74bc-2jw54        1/1     Running   0               93m
mysql                pod/mysql-0                                      1/1     Running   0               10m
mysql                pod/mysql-1                                      1/1     Running   0               7m38s
todoapp              pod/todoapp-5d45497fd9-jc8tq                     1/1     Running   1 (6m18s ago)   10m
todoapp              pod/todoapp-5d45497fd9-pp9tg                     1/1     Running   0               10m

NAMESPACE     NAME                       TYPE        CLUSTER-IP      EXTERNAL-IP   PORT(S)                  AGE
default       service/kubernetes         ClusterIP   10.96.0.1       <none>        443/TCP                  93m
kube-system   service/kube-dns           ClusterIP   10.96.0.10      <none>        53/UDP,53/TCP,9153/TCP   93m
mysql         service/mysql              ClusterIP   None            <none>        3306/TCP                 10m
todoapp       service/todoapp-nodeport   NodePort    10.96.61.13     <none>        80:30007/TCP             10m
todoapp       service/todoapp-service    ClusterIP   10.96.109.109   <none>        80/TCP                   10m

NAMESPACE     NAME                        DESIRED   CURRENT   READY   UP-TO-DATE   AVAILABLE   NODE SELECTOR            AGE
kube-system   daemonset.apps/kindnet      7         7         7       7            7           kubernetes.io/os=linux   93m
kube-system   daemonset.apps/kube-proxy   7         7         7       7            7           kubernetes.io/os=linux   93m

NAMESPACE            NAME                                     READY   UP-TO-DATE   AVAILABLE   AGE
kube-system          deployment.apps/coredns                  2/2     2            2           93m
local-path-storage   deployment.apps/local-path-provisioner   1/1     1            1           93m
todoapp              deployment.apps/todoapp                  2/2     2            2           10m

NAMESPACE            NAME                                              DESIRED   CURRENT   READY   AGE
kube-system          replicaset.apps/coredns-7db6d8ff4d                2         2         2       93m
local-path-storage   replicaset.apps/local-path-provisioner-988d74bc   1         1         1       93m
todoapp              replicaset.apps/todoapp-5d45497fd9                2         2         2       10m

NAMESPACE   NAME                     READY   AGE
mysql       statefulset.apps/mysql   2/2     10m

NAMESPACE   NAME                                          REFERENCE            TARGETS                                     MINPODS   MAXPODS   REPLICAS   AGE
todoapp     horizontalpodautoscaler.autoscaling/todoapp   Deployment/todoapp   cpu: <unknown>/70%, memory: <unknown>/70%   2         5         2          10m

NAMESPACE            NAME                                                             DATA   AGE
default              configmap/kube-root-ca.crt                                       1      93m
kube-node-lease      configmap/kube-root-ca.crt                                       1      93m
kube-public          configmap/cluster-info                                           2      93m
kube-public          configmap/kube-root-ca.crt                                       1      93m
kube-system          configmap/coredns                                                1      93m
kube-system          configmap/extension-apiserver-authentication                     6      93m
kube-system          configmap/kube-apiserver-legacy-service-account-token-tracking   1      93m
kube-system          configmap/kube-proxy                                             2      93m
kube-system          configmap/kube-root-ca.crt                                       1      93m
kube-system          configmap/kubeadm-config                                         1      93m
kube-system          configmap/kubelet-config                                         1      93m
local-path-storage   configmap/kube-root-ca.crt                                       1      93m
local-path-storage   configmap/local-path-config                                      4      93m
mysql                configmap/kube-root-ca.crt                                       1      10m
mysql                configmap/mysql                                                  1      10m
todoapp              configmap/kube-root-ca.crt                                       1      10m
todoapp              configmap/todoapp-config                                         1      10m

NAMESPACE     NAME                                   TYPE                            DATA   AGE
default       secret/sh.helm.release.v1.todoapp.v1   helm.sh/release.v1              1      10m
kube-system   secret/bootstrap-token-abcdef          bootstrap.kubernetes.io/token   6      93m
mysql         secret/mysql-secrets                   Opaque                          3      10m
todoapp       secret/todoapp-secret                  Opaque                          5      10m

NAMESPACE   NAME                                        CLASS    HOSTS   ADDRESS   PORTS   AGE
todoapp     ingress.networking.k8s.io/todoapp-ingress   <none>   *                 80      10m
